´´´´´´´´´´´´´´´´´´´´´´´´´´´´´´´´´´´´´´´´´´´´´´´´´´´´´´´´´´´´´´´´´´´´´
[ 4.3.7757.25903 ] 2023-04-02 20:27:17.1871883 UTC
---------------------------------------------------------------------
System.ComponentModel.Win32Exception (0x80004005): Not enough memory resources are available to process this command
   at MS.Win32.UnsafeNativeMethods.CreateWindowEx(Int32 dwExStyle, String lpszClassName, String lpszWindowName, Int32 style, Int32 x, Int32 y, Int32 width, Int32 height, HandleRef hWndParent, HandleRef hMenu, HandleRef hInst, Object pvParam)
   at MS.Win32.HwndWrapper..ctor(Int32 classStyle, Int32 style, Int32 exStyle, Int32 x, Int32 y, Int32 width, Int32 height, String name, IntPtr parent, HwndWrapperHook[] hooks)
   at System.Windows.Application.EnsureHwndSource()
   at System.Windows.Application.RunInternal(Window window)
   at System.Windows.Application.Run(Window window)
   at Launcher.Bootstrap.Main(String[] args)
´´´´´´´´´´´´´´´´´´´´´´´´´´´´´´´´´´´´´´´´´´´´´´´´´´´´´´´´´´´´´´´´´´´´´

´´´´´´´´´´´´´´´´´´´´´´´´´´´´´´´´´´´´´´´´´´´´´´´´´´´´´´´´´´´´´´´´´´´´´
[ 4.3.7757.25903 ] 2023-07-26 22:01:14.0393469 UTC
---------------------------------------------------------------------
System.IO.IOException: The process cannot access the file 'C:\Program Files (x86)\Windower\scripts\autoload\autoload.txt' because it is being used by another process.
   at System.IO.__Error.WinIOError(Int32 errorCode, String maybeFullPath)
   at System.IO.FileStream.Init(String path, FileMode mode, FileAccess access, Int32 rights, Boolean useRights, FileShare share, Int32 bufferSize, FileOptions options, SECURITY_ATTRIBUTES secAttrs, String msgPath, Boolean bFromProxy, Boolean useLongPath, Boolean checkHost)
   at System.IO.FileStream..ctor(String path, FileMode mode, FileAccess access, FileShare share)
   at System.IO.File.Open(String path, FileMode mode)
   at Launcher.Injector.Launch(String hook, Profile profile, Boolean debug, TimeSpan timeout)
   at Launcher.Tasks.LaunchTask.Run()
   at Launcher.Tasks.Task.Run(Core core)
   at Launcher.Core.Run()
   at System.Threading.ThreadHelper.ThreadStart_Context(Object state)
   at System.Threading.ExecutionContext.RunInternal(ExecutionContext executionContext, ContextCallback callback, Object state, Boolean preserveSyncCtx)
   at System.Threading.ExecutionContext.Run(ExecutionContext executionContext, ContextCallback callback, Object state, Boolean preserveSyncCtx)
   at System.Threading.ExecutionContext.Run(ExecutionContext executionContext, ContextCallback callback, Object state)
   at System.Threading.ThreadHelper.ThreadStart()
´´´´´´´´´´´´´´´´´´´´´´´´´´´´´´´´´´´´´´´´´´´´´´´´´´´´´´´´´´´´´´´´´´´´´

´´´´´´´´´´´´´´´´´´´´´´´´´´´´´´´´´´´´´´´´´´´´´´´´´´´´´´´´´´´´´´´´´´´´´
[ 4.3.7757.25903 ] 2023-10-30 13:43:48.7370540 UTC
---------------------------------------------------------------------
System.IO.IOException: The process cannot access the file 'C:\Program Files (x86)\Windower\scripts\autoload\profile.DualBox.txt' because it is being used by another process.
   at System.IO.__Error.WinIOError(Int32 errorCode, String maybeFullPath)
   at System.IO.FileStream.Init(String path, FileMode mode, FileAccess access, Int32 rights, Boolean useRights, FileShare share, Int32 bufferSize, FileOptions options, SECURITY_ATTRIBUTES secAttrs, String msgPath, Boolean bFromProxy, Boolean useLongPath, Boolean checkHost)
   at System.IO.FileStream..ctor(String path, FileMode mode, FileAccess access, FileShare share)
   at System.IO.File.Open(String path, FileMode mode)
   at Launcher.Injector.Launch(String hook, Profile profile, Boolean debug, TimeSpan timeout)
   at Launcher.Tasks.LaunchTask.Run()
   at Launcher.Tasks.Task.Run(Core core)
   at Launcher.Core.Run()
   at System.Threading.ThreadHelper.ThreadStart_Context(Object state)
   at System.Threading.ExecutionContext.RunInternal(ExecutionContext executionContext, ContextCallback callback, Object state, Boolean preserveSyncCtx)
   at System.Threading.ExecutionContext.Run(ExecutionContext executionContext, ContextCallback callback, Object state, Boolean preserveSyncCtx)
   at System.Threading.ExecutionContext.Run(ExecutionContext executionContext, ContextCallback callback, Object state)
   at System.Threading.ThreadHelper.ThreadStart()
´´´´´´´´´´´´´´´´´´´´´´´´´´´´´´´´´´´´´´´´´´´´´´´´´´´´´´´´´´´´´´´´´´´´´

´´´´´´´´´´´´´´´´´´´´´´´´´´´´´´´´´´´´´´´´´´´´´´´´´´´´´´´´´´´´´´´´´´´´´
[ 4.3.7757.25903 ] 2023-11-08 13:12:15.3792654 UTC
---------------------------------------------------------------------
System.IO.IOException: The process cannot access the file 'C:\Program Files (x86)\Windower\scripts\autoload\profile.DualBox.txt' because it is being used by another process.
   at System.IO.__Error.WinIOError(Int32 errorCode, String maybeFullPath)
   at System.IO.FileStream.Init(String path, FileMode mode, FileAccess access, Int32 rights, Boolean useRights, FileShare share, Int32 bufferSize, FileOptions options, SECURITY_ATTRIBUTES secAttrs, String msgPath, Boolean bFromProxy, Boolean useLongPath, Boolean checkHost)
   at System.IO.FileStream..ctor(String path, FileMode mode, FileAccess access, FileShare share)
   at System.IO.File.Open(String path, FileMode mode)
   at Launcher.Injector.Launch(String hook, Profile profile, Boolean debug, TimeSpan timeout)
   at Launcher.Tasks.LaunchTask.Run()
   at Launcher.Tasks.Task.Run(Core core)
   at Launcher.Core.Run()
   at System.Threading.ThreadHelper.ThreadStart_Context(Object state)
   at System.Threading.ExecutionContext.RunInternal(ExecutionContext executionContext, ContextCallback callback, Object state, Boolean preserveSyncCtx)
   at System.Threading.ExecutionContext.Run(ExecutionContext executionContext, ContextCallback callback, Object state, Boolean preserveSyncCtx)
   at System.Threading.ExecutionContext.Run(ExecutionContext executionContext, ContextCallback callback, Object state)
   at System.Threading.ThreadHelper.ThreadStart()
´´´´´´´´´´´´´´´´´´´´´´´´´´´´´´´´´´´´´´´´´´´´´´´´´´´´´´´´´´´´´´´´´´´´´

